<?xml version="1.0" encoding="UTF-8"?>
<!-- Generated by org.testng.reporters.JUnitReportReporter -->
<testsuite hostname="DESKTOP-AAH9BAV" failures="0" tests="1" name="testPages.Institute_Onboarding_Page_Test" time="16.575" errors="0" timestamp="2023-03-31T20:32:27 IST" skipped="0">
  <testcase classname="testPages.Institute_Onboarding_Page_Test" name="RegisterInstitute" time="16.575"/>
  <system-out/>
</testsuite> <!-- testPages.Institute_Onboarding_Page_Test -->
