<?xml version="1.0" encoding="UTF-8"?>
<!-- Generated by org.testng.reporters.JUnitReportReporter -->
<testsuite hostname="DESKTOP-AAH9BAV" failures="0" tests="1" name="AdminModuleTestCase.AllCredLoginPage_Test" time="34.896" errors="0" timestamp="2023-03-28T14:20:05 IST" skipped="0">
  <testcase classname="AdminModuleTestCase.AllCredLoginPage_Test" name="loginInstituteAfterOnboardRegistration" time="34.896"/>
  <system-out/>
</testsuite> <!-- AdminModuleTestCase.AllCredLoginPage_Test -->
