<?xml version="1.0" encoding="UTF-8"?>
<!-- Generated by org.testng.reporters.JUnitReportReporter -->
<testsuite hostname="DESKTOP-AAH9BAV" failures="0" tests="6" name="AdminModuleTestCase.AllCredLoginPage_Test" time="59.819" errors="0" timestamp="2023-03-24T13:34:56 IST" skipped="1">
  <testcase classname="AdminModuleTestCase.AllCredLoginPage_Test" name="login" time="12.642"/>
  <system-out/>
  <testcase classname="AdminModuleTestCase.AllCredLoginPage_Test" name="loginInstituteAfterOnboardRegistration" time="1.525">
    <skipped/>
  </testcase> <!-- loginInstituteAfterOnboardRegistration -->
  <system-out/>
  <testcase classname="AdminModuleTestCase.AllCredLoginPage_Test" name="login" time="11.296"/>
  <system-out/>
  <testcase classname="AdminModuleTestCase.AllCredLoginPage_Test" name="login" time="11.011"/>
  <system-out/>
  <testcase classname="AdminModuleTestCase.AllCredLoginPage_Test" name="login" time="11.836"/>
  <system-out/>
  <testcase classname="AdminModuleTestCase.AllCredLoginPage_Test" name="login" time="11.509"/>
  <system-out/>
</testsuite> <!-- AdminModuleTestCase.AllCredLoginPage_Test -->
