<?xml version="1.0" encoding="UTF-8"?>
<!-- Generated by org.testng.reporters.JUnitReportReporter -->
<testsuite hostname="DESKTOP-AAH9BAV" failures="0" tests="1" name="AdminModuleTestCase.CommonLoginPage_Test" time="32.775" errors="0" timestamp="2023-03-31T19:34:23 IST" skipped="0">
  <testcase classname="AdminModuleTestCase.CommonLoginPage_Test" name="loginInstituteAfterOnboardRegistration" time="32.775"/>
  <system-out/>
</testsuite> <!-- AdminModuleTestCase.CommonLoginPage_Test -->
