<?xml version="1.0" encoding="UTF-8"?>
<!-- Generated by org.testng.reporters.JUnitReportReporter -->
<testsuite hostname="DESKTOP-AAH9BAV" failures="0" tests="1" name="testPages.InstituteFacultyPage_Test" time="32.922" errors="0" timestamp="2023-03-31T20:32:27 IST" skipped="0">
  <testcase classname="testPages.InstituteFacultyPage_Test" name="loginInstituteAfterOnboardRegistration" time="32.922"/>
  <system-out/>
</testsuite> <!-- testPages.InstituteFacultyPage_Test -->
