<?xml version="1.0" encoding="UTF-8"?>
<!-- Generated by org.testng.reporters.JUnitReportReporter -->
<testsuite hostname="DESKTOP-AAH9BAV" failures="0" tests="1" name="AdminModuleTestCase.InstituteOnboardingRegistration_Test" time="34.518" errors="0" timestamp="2023-03-28T14:20:05 IST" skipped="0">
  <testcase classname="AdminModuleTestCase.InstituteOnboardingRegistration_Test" name="RegisterInstitute" time="34.518"/>
  <system-out/>
</testsuite> <!-- AdminModuleTestCase.InstituteOnboardingRegistration_Test -->
