<?xml version="1.0" encoding="UTF-8"?>
<!-- Generated by org.testng.reporters.JUnitReportReporter -->
<testsuite hostname="DESKTOP-AAH9BAV" failures="0" tests="1" name="AdminModuleTestCase.InstituteFacultyPage_Test" time="27.290" errors="0" timestamp="2023-03-27T23:27:48 IST" skipped="0">
  <testcase classname="AdminModuleTestCase.InstituteFacultyPage_Test" name="login" time="27.290"/>
  <system-out/>
</testsuite> <!-- AdminModuleTestCase.InstituteFacultyPage_Test -->
