<?xml version="1.0" encoding="UTF-8"?>
<!-- Generated by org.testng.reporters.JUnitReportReporter -->
<testsuite hostname="DESKTOP-AAH9BAV" failures="0" tests="4" name="testPages.LoginPage_Tests" time="46.596" errors="0" timestamp="2023-03-31T20:32:27 IST" skipped="0">
  <testcase classname="testPages.LoginPage_Tests" name="login" time="9.940"/>
  <system-out/>
  <testcase classname="testPages.LoginPage_Tests" name="login" time="13.300"/>
  <system-out/>
  <testcase classname="testPages.LoginPage_Tests" name="login" time="10.920"/>
  <system-out/>
  <testcase classname="testPages.LoginPage_Tests" name="login" time="12.436"/>
  <system-out/>
</testsuite> <!-- testPages.LoginPage_Tests -->
