<?xml version="1.0" encoding="UTF-8"?>
<!-- Generated by org.testng.reporters.JUnitReportReporter -->
<testsuite hostname="DESKTOP-AAH9BAV" failures="0" tests="1" name="RegistrationOfInstituteOnboarding.InstituteOnboardingRegistration_Test" time="0.000" errors="0" timestamp="2023-03-21T18:36:07 IST" skipped="1">
  <testcase classname="RegistrationOfInstituteOnboarding.InstituteOnboardingRegistration_Test" name="RegisterInstitute" time="0.000">
    <skipped/>
  </testcase> <!-- RegisterInstitute -->
  <system-out/>
</testsuite> <!-- RegistrationOfInstituteOnboarding.InstituteOnboardingRegistration_Test -->
