<?xml version="1.0" encoding="UTF-8"?>
<!-- Generated by org.testng.reporters.JUnitReportReporter -->
<testsuite hostname="DESKTOP-AAH9BAV" failures="0" tests="1" name="AdminModuleTestCase.LoginPage_Tests" time="8.322" errors="0" timestamp="2023-03-21T14:22:13 IST" skipped="0">
  <testcase classname="AdminModuleTestCase.LoginPage_Tests" name="loginPage" time="8.322"/>
  <system-out/>
</testsuite> <!-- AdminModuleTestCase.LoginPage_Tests -->
