<?xml version="1.0" encoding="UTF-8"?>
<!-- Generated by org.testng.reporters.JUnitReportReporter -->
<testsuite hostname="DESKTOP-AAH9BAV" failures="0" tests="1" name="AdminModuleTestCase.InstituteDashBoard_Test" time="12.551" errors="0" timestamp="2023-03-24T16:27:08 IST" skipped="0">
  <testcase classname="AdminModuleTestCase.InstituteDashBoard_Test" name="login" time="12.551"/>
  <system-out/>
</testsuite> <!-- AdminModuleTestCase.InstituteDashBoard_Test -->
