<?xml version="1.0" encoding="UTF-8"?>
<!-- Generated by org.testng.reporters.JUnitReportReporter -->
<testsuite hostname="DESKTOP-AAH9BAV" failures="0" tests="1" name="AdminModuleTestCase.InstituteOnboardingRegistration_Test" time="24.068" errors="0" timestamp="2023-03-31T19:34:23 IST" skipped="0">
  <testcase classname="AdminModuleTestCase.InstituteOnboardingRegistration_Test" name="RegisterInstitute" time="24.068"/>
  <system-out/>
</testsuite> <!-- AdminModuleTestCase.InstituteOnboardingRegistration_Test -->
