<?xml version="1.0" encoding="UTF-8"?>
<!-- Generated by org.testng.reporters.JUnitReportReporter -->
<testsuite hostname="DESKTOP-AAH9BAV" failures="0" tests="1" name="AdminModuleTestCase.AllCredLoginPage_Test" time="0.000" errors="0" timestamp="2023-03-28T08:20:15 IST" skipped="1">
  <testcase classname="AdminModuleTestCase.AllCredLoginPage_Test" name="loginInstituteAfterOnboardRegistration" time="0.000">
    <skipped/>
  </testcase> <!-- loginInstituteAfterOnboardRegistration -->
  <system-out/>
</testsuite> <!-- AdminModuleTestCase.AllCredLoginPage_Test -->
