<?xml version="1.0" encoding="UTF-8"?>
<!-- Generated by org.testng.reporters.JUnitReportReporter -->
<testsuite hostname="DESKTOP-AAH9BAV" failures="0" tests="1" name="AdminModuleTestCase.InstituteDashBoard_Test" time="22.904" errors="0" timestamp="2023-03-25T09:49:21 IST" skipped="0">
  <testcase classname="AdminModuleTestCase.InstituteDashBoard_Test" name="login" time="22.904"/>
  <system-out/>
</testsuite> <!-- AdminModuleTestCase.InstituteDashBoard_Test -->
