<?xml version="1.0" encoding="UTF-8"?>
<!-- Generated by org.testng.reporters.JUnitReportReporter -->
<testsuite hostname="DESKTOP-AAH9BAV" failures="0" tests="1" name="AdminModuleTestCase.AllCredLoginPage_Test" time="29.232" errors="0" timestamp="2023-03-28T16:49:43 IST" skipped="0">
  <testcase classname="AdminModuleTestCase.AllCredLoginPage_Test" name="loginInstituteAfterOnboardRegistration" time="29.232"/>
  <system-out/>
</testsuite> <!-- AdminModuleTestCase.AllCredLoginPage_Test -->
