<?xml version="1.0" encoding="UTF-8"?>
<!-- Generated by org.testng.reporters.JUnitReportReporter -->
<testsuite hostname="DESKTOP-AAH9BAV" failures="0" tests="1" name="AdminModuleTestCase.InstituteFacultyPage_Test" time="0.000" errors="0" timestamp="2023-03-28T10:26:29 IST" skipped="1">
  <testcase classname="AdminModuleTestCase.InstituteFacultyPage_Test" name="login" time="0.000">
    <skipped/>
  </testcase> <!-- login -->
  <system-out/>
</testsuite> <!-- AdminModuleTestCase.InstituteFacultyPage_Test -->
